2016/11/21 16:29:08 [error] [exception.CHttpException.404] exception 'CHttpException' with message 'The system is unable to find the requested action "gii".' in C:\xampp\htdocs\yii\framework\web\CController.php:483
Stack trace:
#0 C:\xampp\htdocs\yii\framework\web\CController.php(270): CController->missingAction('gii')
#1 C:\xampp\htdocs\yii\framework\web\CWebApplication.php(282): CController->run('gii')
#2 C:\xampp\htdocs\yii\framework\web\CWebApplication.php(141): CWebApplication->runController('site/gii')
#3 C:\xampp\htdocs\yii\framework\base\CApplication.php(185): CWebApplication->processRequest()
#4 C:\xampp\htdocs\ejemployii\index.php(13): CApplication->run()
#5 {main}
REQUEST_URI=/ejemployii/index.php/site/gii
---
2016/11/21 17:47:22 [error] [exception.CException] exception 'CException' with message 'CUrlManager and its behaviors do not have a method or closure named "listLanguage".' in C:\xampp\htdocs\yii\framework\base\CComponent.php:266
Stack trace:
#0 C:\xampp\htdocs\ejemployii\themes\base\views\layouts\main.php(32): CComponent->__call('listLanguage', Array)
#1 C:\xampp\htdocs\ejemployii\themes\base\views\layouts\main.php(32): CUrlManager->listLanguage()
#2 C:\xampp\htdocs\yii\framework\web\CBaseController.php(126): require('C:\\xampp\\htdocs...')
#3 C:\xampp\htdocs\yii\framework\web\CBaseController.php(95): CBaseController->renderInternal('C:\\xampp\\htdocs...', Array, true)
#4 C:\xampp\htdocs\yii\framework\web\widgets\CContentDecorator.php(76): CBaseController->renderFile('C:\\xampp\\htdocs...', Array, true)
#5 C:\xampp\htdocs\yii\framework\web\widgets\CContentDecorator.php(54): CContentDecorator->decorate('\n<h1>Login</h1>...')
#6 C:\xampp\htdocs\yii\framework\web\widgets\COutputProcessor.php(44): CContentDecorator->processOutput('\n<h1>Login</h1>...')
#7 C:\xampp\htdocs\yii\framework\web\CBaseController.php(214): COutputProcessor->run()
#8 C:\xampp\htdocs\yii\framework\web\CBaseController.php(308): CBaseController->endWidget('CContentDecorat...')
#9 C:\xampp\htdocs\ejemployii\themes\base\views\layouts\column1.php(3): CBaseController->endContent()
#10 C:\xampp\htdocs\yii\framework\web\CBaseController.php(126): require('C:\\xampp\\htdocs...')
#11 C:\xampp\htdocs\yii\framework\web\CBaseController.php(95): CBaseController->renderInternal('C:\\xampp\\htdocs...', Array, true)
#12 C:\xampp\htdocs\yii\framework\web\CController.php(784): CBaseController->renderFile('C:\\xampp\\htdocs...', Array, true)
#13 C:\xampp\htdocs\ejemployii\protected\controllers\SiteController.php(98): CController->render('login', Array)
#14 C:\xampp\htdocs\yii\framework\web\actions\CInlineAction.php(49): SiteController->actionLogin()
#15 C:\xampp\htdocs\yii\framework\web\CController.php(308): CInlineAction->runWithParams(Array)
#16 C:\xampp\htdocs\yii\framework\web\CController.php(286): CController->runAction(Object(CInlineAction))
#17 C:\xampp\htdocs\yii\framework\web\CController.php(265): CController->runActionWithFilters(Object(CInlineAction), Array)
#18 C:\xampp\htdocs\yii\framework\web\CWebApplication.php(282): CController->run('login')
#19 C:\xampp\htdocs\yii\framework\web\CWebApplication.php(141): CWebApplication->runController('site/login')
#20 C:\xampp\htdocs\yii\framework\base\CApplication.php(185): CWebApplication->processRequest()
#21 C:\xampp\htdocs\ejemployii\index.php(13): CApplication->run()
#22 {main}
REQUEST_URI=/ejemployii/index.php/site/login
---
2016/11/21 17:47:35 [error] [exception.CException] exception 'CException' with message 'CUrlManager and its behaviors do not have a method or closure named "listLanguage".' in C:\xampp\htdocs\yii\framework\base\CComponent.php:266
Stack trace:
#0 C:\xampp\htdocs\ejemployii\themes\base\views\layouts\main.php(32): CComponent->__call('listLanguage', Array)
#1 C:\xampp\htdocs\ejemployii\themes\base\views\layouts\main.php(32): CUrlManager->listLanguage()
#2 C:\xampp\htdocs\yii\framework\web\CBaseController.php(126): require('C:\\xampp\\htdocs...')
#3 C:\xampp\htdocs\yii\framework\web\CBaseController.php(95): CBaseController->renderInternal('C:\\xampp\\htdocs...', Array, true)
#4 C:\xampp\htdocs\yii\framework\web\widgets\CContentDecorator.php(76): CBaseController->renderFile('C:\\xampp\\htdocs...', Array, true)
#5 C:\xampp\htdocs\yii\framework\web\widgets\CContentDecorator.php(54): CContentDecorator->decorate('\n<h1>Login</h1>...')
#6 C:\xampp\htdocs\yii\framework\web\widgets\COutputProcessor.php(44): CContentDecorator->processOutput('\n<h1>Login</h1>...')
#7 C:\xampp\htdocs\yii\framework\web\CBaseController.php(214): COutputProcessor->run()
#8 C:\xampp\htdocs\yii\framework\web\CBaseController.php(308): CBaseController->endWidget('CContentDecorat...')
#9 C:\xampp\htdocs\ejemployii\themes\base\views\layouts\column1.php(3): CBaseController->endContent()
#10 C:\xampp\htdocs\yii\framework\web\CBaseController.php(126): require('C:\\xampp\\htdocs...')
#11 C:\xampp\htdocs\yii\framework\web\CBaseController.php(95): CBaseController->renderInternal('C:\\xampp\\htdocs...', Array, true)
#12 C:\xampp\htdocs\yii\framework\web\CController.php(784): CBaseController->renderFile('C:\\xampp\\htdocs...', Array, true)
#13 C:\xampp\htdocs\ejemployii\protected\controllers\SiteController.php(98): CController->render('login', Array)
#14 C:\xampp\htdocs\yii\framework\web\actions\CInlineAction.php(49): SiteController->actionLogin()
#15 C:\xampp\htdocs\yii\framework\web\CController.php(308): CInlineAction->runWithParams(Array)
#16 C:\xampp\htdocs\yii\framework\web\CController.php(286): CController->runAction(Object(CInlineAction))
#17 C:\xampp\htdocs\yii\framework\web\CController.php(265): CController->runActionWithFilters(Object(CInlineAction), Array)
#18 C:\xampp\htdocs\yii\framework\web\CWebApplication.php(282): CController->run('login')
#19 C:\xampp\htdocs\yii\framework\web\CWebApplication.php(141): CWebApplication->runController('site/login')
#20 C:\xampp\htdocs\yii\framework\base\CApplication.php(185): CWebApplication->processRequest()
#21 C:\xampp\htdocs\ejemployii\index.php(13): CApplication->run()
#22 {main}
REQUEST_URI=/ejemployii/index.php/site/login
---
2016/11/21 17:48:17 [error] [exception.CException] exception 'CException' with message 'CUrlManager and its behaviors do not have a method or closure named "listLanguage".' in C:\xampp\htdocs\yii\framework\base\CComponent.php:266
Stack trace:
#0 C:\xampp\htdocs\ejemployii\themes\base\views\layouts\main.php(32): CComponent->__call('listLanguage', Array)
#1 C:\xampp\htdocs\ejemployii\themes\base\views\layouts\main.php(32): CUrlManager->listLanguage()
#2 C:\xampp\htdocs\yii\framework\web\CBaseController.php(126): require('C:\\xampp\\htdocs...')
#3 C:\xampp\htdocs\yii\framework\web\CBaseController.php(95): CBaseController->renderInternal('C:\\xampp\\htdocs...', Array, true)
#4 C:\xampp\htdocs\yii\framework\web\widgets\CContentDecorator.php(76): CBaseController->renderFile('C:\\xampp\\htdocs...', Array, true)
#5 C:\xampp\htdocs\yii\framework\web\widgets\CContentDecorator.php(54): CContentDecorator->decorate('\n<h1>Login</h1>...')
#6 C:\xampp\htdocs\yii\framework\web\widgets\COutputProcessor.php(44): CContentDecorator->processOutput('\n<h1>Login</h1>...')
#7 C:\xampp\htdocs\yii\framework\web\CBaseController.php(214): COutputProcessor->run()
#8 C:\xampp\htdocs\yii\framework\web\CBaseController.php(308): CBaseController->endWidget('CContentDecorat...')
#9 C:\xampp\htdocs\ejemployii\themes\base\views\layouts\column1.php(3): CBaseController->endContent()
#10 C:\xampp\htdocs\yii\framework\web\CBaseController.php(126): require('C:\\xampp\\htdocs...')
#11 C:\xampp\htdocs\yii\framework\web\CBaseController.php(95): CBaseController->renderInternal('C:\\xampp\\htdocs...', Array, true)
#12 C:\xampp\htdocs\yii\framework\web\CController.php(784): CBaseController->renderFile('C:\\xampp\\htdocs...', Array, true)
#13 C:\xampp\htdocs\ejemployii\protected\controllers\SiteController.php(98): CController->render('login', Array)
#14 C:\xampp\htdocs\yii\framework\web\actions\CInlineAction.php(49): SiteController->actionLogin()
#15 C:\xampp\htdocs\yii\framework\web\CController.php(308): CInlineAction->runWithParams(Array)
#16 C:\xampp\htdocs\yii\framework\web\CController.php(286): CController->runAction(Object(CInlineAction))
#17 C:\xampp\htdocs\yii\framework\web\CController.php(265): CController->runActionWithFilters(Object(CInlineAction), Array)
#18 C:\xampp\htdocs\yii\framework\web\CWebApplication.php(282): CController->run('login')
#19 C:\xampp\htdocs\yii\framework\web\CWebApplication.php(141): CWebApplication->runController('site/login')
#20 C:\xampp\htdocs\yii\framework\base\CApplication.php(185): CWebApplication->processRequest()
#21 C:\xampp\htdocs\ejemployii\index.php(13): CApplication->run()
#22 {main}
REQUEST_URI=/ejemployii/index.php/site/login
---
2016/11/21 17:49:19 [error] [exception.CException] exception 'CException' with message 'Property "CUrlManager.languages" is not defined.' in C:\xampp\htdocs\yii\framework\base\CComponent.php:173
Stack trace:
#0 C:\xampp\htdocs\yii\framework\YiiBase.php(220): CComponent->__set('languages', Array)
#1 C:\xampp\htdocs\yii\framework\base\CModule.php(393): YiiBase::createComponent(Array)
#2 C:\xampp\htdocs\yii\framework\base\CApplication.php(531): CModule->getComponent('urlManager')
#3 C:\xampp\htdocs\yii\framework\web\CWebApplication.php(140): CApplication->getUrlManager()
#4 C:\xampp\htdocs\yii\framework\base\CApplication.php(185): CWebApplication->processRequest()
#5 C:\xampp\htdocs\ejemployii\index.php(13): CApplication->run()
#6 {main}
REQUEST_URI=/ejemployii/index.php/site/login
---
2016/11/21 17:49:51 [error] [exception.CException] exception 'CException' with message 'Property "CUrlManager.languages" is not defined.' in C:\xampp\htdocs\yii\framework\base\CComponent.php:173
Stack trace:
#0 C:\xampp\htdocs\yii\framework\YiiBase.php(220): CComponent->__set('languages', Array)
#1 C:\xampp\htdocs\yii\framework\base\CModule.php(393): YiiBase::createComponent(Array)
#2 C:\xampp\htdocs\yii\framework\base\CApplication.php(531): CModule->getComponent('urlManager')
#3 C:\xampp\htdocs\yii\framework\web\CWebApplication.php(140): CApplication->getUrlManager()
#4 C:\xampp\htdocs\yii\framework\base\CApplication.php(185): CWebApplication->processRequest()
#5 C:\xampp\htdocs\ejemployii\index.php(13): CApplication->run()
#6 {main}
REQUEST_URI=/ejemployii/index.php/site/login
---
2016/11/21 17:55:26 [error] [exception.CException] exception 'CException' with message 'Property "CUrlManager.languages" is not defined.' in C:\xampp\htdocs\yii\framework\base\CComponent.php:173
Stack trace:
#0 C:\xampp\htdocs\yii\framework\YiiBase.php(220): CComponent->__set('languages', Array)
#1 C:\xampp\htdocs\yii\framework\base\CModule.php(393): YiiBase::createComponent(Array)
#2 C:\xampp\htdocs\yii\framework\base\CApplication.php(531): CModule->getComponent('urlManager')
#3 C:\xampp\htdocs\yii\framework\web\CWebApplication.php(140): CApplication->getUrlManager()
#4 C:\xampp\htdocs\yii\framework\base\CApplication.php(185): CWebApplication->processRequest()
#5 C:\xampp\htdocs\ejemployii\index.php(13): CApplication->run()
#6 {main}
REQUEST_URI=/ejemployii/index.php/site/login
---
2016/11/21 17:55:28 [error] [exception.CException] exception 'CException' with message 'Property "CUrlManager.languages" is not defined.' in C:\xampp\htdocs\yii\framework\base\CComponent.php:173
Stack trace:
#0 C:\xampp\htdocs\yii\framework\YiiBase.php(220): CComponent->__set('languages', Array)
#1 C:\xampp\htdocs\yii\framework\base\CModule.php(393): YiiBase::createComponent(Array)
#2 C:\xampp\htdocs\yii\framework\base\CApplication.php(531): CModule->getComponent('urlManager')
#3 C:\xampp\htdocs\yii\framework\web\CWebApplication.php(140): CApplication->getUrlManager()
#4 C:\xampp\htdocs\yii\framework\base\CApplication.php(185): CWebApplication->processRequest()
#5 C:\xampp\htdocs\ejemployii\index.php(13): CApplication->run()
#6 {main}
REQUEST_URI=/ejemployii/index.php/site/login
---
2016/11/21 17:55:32 [error] [exception.CException] exception 'CException' with message 'Property "CUrlManager.languages" is not defined.' in C:\xampp\htdocs\yii\framework\base\CComponent.php:173
Stack trace:
#0 C:\xampp\htdocs\yii\framework\YiiBase.php(220): CComponent->__set('languages', Array)
#1 C:\xampp\htdocs\yii\framework\base\CModule.php(393): YiiBase::createComponent(Array)
#2 C:\xampp\htdocs\yii\framework\base\CApplication.php(531): CModule->getComponent('urlManager')
#3 C:\xampp\htdocs\yii\framework\web\CWebApplication.php(140): CApplication->getUrlManager()
#4 C:\xampp\htdocs\yii\framework\base\CApplication.php(185): CWebApplication->processRequest()
#5 C:\xampp\htdocs\ejemployii\index.php(13): CApplication->run()
#6 {main}
REQUEST_URI=/ejemployii/
---
2016/11/21 17:55:40 [error] [exception.CException] exception 'CException' with message 'Property "CUrlManager.languages" is not defined.' in C:\xampp\htdocs\yii\framework\base\CComponent.php:173
Stack trace:
#0 C:\xampp\htdocs\yii\framework\YiiBase.php(220): CComponent->__set('languages', Array)
#1 C:\xampp\htdocs\yii\framework\base\CModule.php(393): YiiBase::createComponent(Array)
#2 C:\xampp\htdocs\yii\framework\base\CApplication.php(531): CModule->getComponent('urlManager')
#3 C:\xampp\htdocs\yii\framework\web\CWebApplication.php(140): CApplication->getUrlManager()
#4 C:\xampp\htdocs\yii\framework\base\CApplication.php(185): CWebApplication->processRequest()
#5 C:\xampp\htdocs\ejemployii\index.php(13): CApplication->run()
#6 {main}
REQUEST_URI=/ejemployii/
---
2016/11/21 17:55:42 [error] [exception.CException] exception 'CException' with message 'Property "CUrlManager.languages" is not defined.' in C:\xampp\htdocs\yii\framework\base\CComponent.php:173
Stack trace:
#0 C:\xampp\htdocs\yii\framework\YiiBase.php(220): CComponent->__set('languages', Array)
#1 C:\xampp\htdocs\yii\framework\base\CModule.php(393): YiiBase::createComponent(Array)
#2 C:\xampp\htdocs\yii\framework\base\CApplication.php(531): CModule->getComponent('urlManager')
#3 C:\xampp\htdocs\yii\framework\web\CWebApplication.php(140): CApplication->getUrlManager()
#4 C:\xampp\htdocs\yii\framework\base\CApplication.php(185): CWebApplication->processRequest()
#5 C:\xampp\htdocs\ejemployii\index.php(13): CApplication->run()
#6 {main}
REQUEST_URI=/ejemployii/
---
2016/11/21 17:55:42 [error] [exception.CException] exception 'CException' with message 'Property "CUrlManager.languages" is not defined.' in C:\xampp\htdocs\yii\framework\base\CComponent.php:173
Stack trace:
#0 C:\xampp\htdocs\yii\framework\YiiBase.php(220): CComponent->__set('languages', Array)
#1 C:\xampp\htdocs\yii\framework\base\CModule.php(393): YiiBase::createComponent(Array)
#2 C:\xampp\htdocs\yii\framework\base\CApplication.php(531): CModule->getComponent('urlManager')
#3 C:\xampp\htdocs\yii\framework\web\CWebApplication.php(140): CApplication->getUrlManager()
#4 C:\xampp\htdocs\yii\framework\base\CApplication.php(185): CWebApplication->processRequest()
#5 C:\xampp\htdocs\ejemployii\index.php(13): CApplication->run()
#6 {main}
REQUEST_URI=/ejemployii/
---
2016/11/21 17:55:43 [error] [exception.CException] exception 'CException' with message 'Property "CUrlManager.languages" is not defined.' in C:\xampp\htdocs\yii\framework\base\CComponent.php:173
Stack trace:
#0 C:\xampp\htdocs\yii\framework\YiiBase.php(220): CComponent->__set('languages', Array)
#1 C:\xampp\htdocs\yii\framework\base\CModule.php(393): YiiBase::createComponent(Array)
#2 C:\xampp\htdocs\yii\framework\base\CApplication.php(531): CModule->getComponent('urlManager')
#3 C:\xampp\htdocs\yii\framework\web\CWebApplication.php(140): CApplication->getUrlManager()
#4 C:\xampp\htdocs\yii\framework\base\CApplication.php(185): CWebApplication->processRequest()
#5 C:\xampp\htdocs\ejemployii\index.php(13): CApplication->run()
#6 {main}
REQUEST_URI=/ejemployii/
---
2016/11/22 03:00:31 [warning] [application] Error al establecer unsafe al atributo "id" de "Administrador".
in C:\xampp\htdocs\ejemployii\protected\controllers\AdministradorController.php (72)
in C:\xampp\htdocs\ejemployii\index.php (13)
2016/11/22 03:04:52 [error] [exception.CHttpException.404] exception 'CHttpException' with message 'No es posible resolver la solicitud "evento_programado/index"' in C:\xampp\htdocs\yii\framework\web\CWebApplication.php:286
Stack trace:
#0 C:\xampp\htdocs\yii\framework\web\CWebApplication.php(141): CWebApplication->runController('evento_programa...')
#1 C:\xampp\htdocs\yii\framework\base\CApplication.php(185): CWebApplication->processRequest()
#2 C:\xampp\htdocs\ejemployii\index.php(13): CApplication->run()
#3 {main}
REQUEST_URI=/ejemployii/index.php/evento_programado/index
HTTP_REFERER=http://localhost/ejemployii/index.php/evento/create
---
2016/11/22 03:13:27 [error] [exception.CException] exception 'CException' with message 'La propiedad "EventoProgramado"."fecha" no se encuentra definida.' in C:\xampp\htdocs\yii\framework\base\CComponent.php:130
Stack trace:
#0 C:\xampp\htdocs\yii\framework\db\ar\CActiveRecord.php(145): CComponent->__get('fecha')
#1 C:\xampp\htdocs\yii\framework\web\helpers\CHtml.php(2729): CActiveRecord->__get('fecha')
#2 C:\xampp\htdocs\yii\framework\web\helpers\CHtml.php(2452): CHtml::resolveValue(Object(EventoProgramado), 'fecha')
#3 C:\xampp\htdocs\yii\framework\web\helpers\CHtml.php(1534): CHtml::activeInputField('text', Object(EventoProgramado), 'fecha', Array)
#4 C:\xampp\htdocs\yii\framework\zii\widgets\jui\CJuiDatePicker.php(84): CHtml::activeTextField(Object(EventoProgramado), 'fecha', Array)
#5 C:\xampp\htdocs\yii\framework\web\CBaseController.php(181): CJuiDatePicker->run()
#6 C:\xampp\htdocs\ejemployii\protected\views\eventoProgramado\_form.php(61): CBaseController->widget('zii.widgets.jui...', Array)
#7 C:\xampp\htdocs\yii\framework\web\CBaseController.php(126): require('C:\\xampp\\htdocs...')
#8 C:\xampp\htdocs\yii\framework\web\CBaseController.php(95): CBaseController->renderInternal('C:\\xampp\\htdocs...', Array, true)
#9 C:\xampp\htdocs\yii\framework\web\CController.php(869): CBaseController->renderFile('C:\\xampp\\htdocs...', Array, true)
#10 C:\xampp\htdocs\ejemployii\protected\views\eventoProgramado\create.php(18): CController->renderPartial('_form', Array)
#11 C:\xampp\htdocs\yii\framework\web\CBaseController.php(126): require('C:\\xampp\\htdocs...')
#12 C:\xampp\htdocs\yii\framework\web\CBaseController.php(95): CBaseController->renderInternal('C:\\xampp\\htdocs...', Array, true)
#13 C:\xampp\htdocs\yii\framework\web\CController.php(869): CBaseController->renderFile('C:\\xampp\\htdocs...', Array, true)
#14 C:\xampp\htdocs\yii\framework\web\CController.php(782): CController->renderPartial('create', Array, true)
#15 C:\xampp\htdocs\ejemployii\protected\controllers\EventoProgramadoController.php(79): CController->render('create', Array)
#16 C:\xampp\htdocs\yii\framework\web\actions\CInlineAction.php(49): EventoProgramadoController->actionCreate()
#17 C:\xampp\htdocs\yii\framework\web\CController.php(308): CInlineAction->runWithParams(Array)
#18 C:\xampp\htdocs\yii\framework\web\filters\CFilterChain.php(133): CController->runAction(Object(CInlineAction))
#19 C:\xampp\htdocs\yii\framework\web\filters\CFilter.php(40): CFilterChain->run()
#20 C:\xampp\htdocs\yii\framework\web\CController.php(1145): CFilter->filter(Object(CFilterChain))
#21 C:\xampp\htdocs\yii\framework\web\filters\CInlineFilter.php(58): CController->filterAccessControl(Object(CFilterChain))
#22 C:\xampp\htdocs\yii\framework\web\filters\CFilterChain.php(130): CInlineFilter->filter(Object(CFilterChain))
#23 C:\xampp\htdocs\yii\framework\web\CController.php(291): CFilterChain->run()
#24 C:\xampp\htdocs\yii\framework\web\CController.php(265): CController->runActionWithFilters(Object(CInlineAction), Array)
#25 C:\xampp\htdocs\yii\framework\web\CWebApplication.php(282): CController->run('create')
#26 C:\xampp\htdocs\yii\framework\web\CWebApplication.php(141): CWebApplication->runController('eventoProgramad...')
#27 C:\xampp\htdocs\yii\framework\base\CApplication.php(185): CWebApplication->processRequest()
#28 C:\xampp\htdocs\ejemployii\index.php(13): CApplication->run()
#29 {main}
REQUEST_URI=/ejemployii/index.php/eventoProgramado/create
---
2016/11/23 01:02:02 [error] [exception.CHttpException.403] exception 'CHttpException' with message 'Usted no se encuentra autorizado a realizar esta acción.' in C:\xampp\htdocs\yii\framework\web\auth\CAccessControlFilter.php:182
Stack trace:
#0 C:\xampp\htdocs\yii\framework\web\auth\CAccessControlFilter.php(145): CAccessControlFilter->accessDenied(Object(CWebUser), 'Usted no se enc...')
#1 C:\xampp\htdocs\yii\framework\web\filters\CFilter.php(38): CAccessControlFilter->preFilter(Object(CFilterChain))
#2 C:\xampp\htdocs\yii\framework\web\CController.php(1145): CFilter->filter(Object(CFilterChain))
#3 C:\xampp\htdocs\yii\framework\web\filters\CInlineFilter.php(58): CController->filterAccessControl(Object(CFilterChain))
#4 C:\xampp\htdocs\yii\framework\web\filters\CFilterChain.php(130): CInlineFilter->filter(Object(CFilterChain))
#5 C:\xampp\htdocs\yii\framework\web\CController.php(291): CFilterChain->run()
#6 C:\xampp\htdocs\yii\framework\web\CController.php(265): CController->runActionWithFilters(Object(CInlineAction), Array)
#7 C:\xampp\htdocs\yii\framework\web\CWebApplication.php(282): CController->run('admin')
#8 C:\xampp\htdocs\yii\framework\web\CWebApplication.php(141): CWebApplication->runController('eventoProgramad...')
#9 C:\xampp\htdocs\yii\framework\base\CApplication.php(185): CWebApplication->processRequest()
#10 C:\xampp\htdocs\ejemployii\index.php(13): CApplication->run()
#11 {main}
REQUEST_URI=/ejemployii/index.php/eventoProgramado/admin
HTTP_REFERER=http://localhost/ejemployii/index.php/site/login
---
